로그인 시도
초기 요청 준비
19-02-01 15:52:12 : 요청 실행: kiwoom_CommConnect () {}
19-02-01 15:52:15 : 요청 콜백: kiwoom_OnEventConnect (0,) {}
19-02-01 15:52:15 : 로그인 성공
로그인 결과: {'result': 0}
초기 요청 준비
19-02-01 15:52:15 : 요청 실행: kiwoom_TR_OPT10001_주식기본정보요청 ('225430',) {}
19-02-01 15:52:15 : 요청 콜백: kiwoom_OnReceiveTrData ('0101', '주식기본정보', 'OPT10001', '', '0', 0, '', '', '') {}
19-02-01 15:52:15 : 주식기본정보: 225430, {'종목명': '케이엠제약', '현재가': '-3660', '등락율': '-6.87', '거래량': '1872407', '시가': '-3900', '상한가': '+5100'}
19-02-01 15:52:15 : 주문: send_order 0101 8111294711 1 225430 27 5100 00 
초기 요청 준비
19-02-01 15:52:15 : 요청 실행: kiwoom_TR_OPT10001_주식기본정보요청 ('049830',) {}
19-02-01 15:52:15 : 주문/잔고: 0101 send_order KOA_NORMAL_BUY_KQ_ORD [00Z218] 모의투자 장종료 상태입니다
19-02-01 15:52:15 : 요청 콜백: kiwoom_OnReceiveTrData ('0101', 'send_order', 'KOA_NORMAL_BUY_KQ_ORD', '', '', 0, '', '', '') {}
19-02-01 15:52:15 : 요청 콜백: kiwoom_OnReceiveTrData ('0101', '주식기본정보', 'OPT10001', '', '0', 0, '', '', '') {}
19-02-01 15:52:15 : 주식기본정보: 049830, {'종목명': '승일', '현재가': '-12400', '등락율': '-0.80', '거래량': '87073', '시가': '+12650', '상한가': '+16250'}
19-02-01 15:52:15 : 주문: send_order 0101 8111294711 1 049830 8 16250 00 
초기 요청 준비
19-02-01 15:52:18 : 요청 실행: kiwoom_TR_OPT10001_주식기본정보요청 ('005690',) {}
19-02-01 15:52:18 : 주문/잔고: 0101 send_order KOA_NORMAL_BUY_KQ_ORD [00Z218] 모의투자 장종료 상태입니다
19-02-01 15:52:18 : 요청 콜백: kiwoom_OnReceiveTrData ('0101', 'send_order', 'KOA_NORMAL_BUY_KQ_ORD', '', '', 0, '', '', '') {}
19-02-01 15:52:18 : 요청 콜백: kiwoom_OnReceiveTrData ('0101', '주식기본정보', 'OPT10001', '', '0', 0, '', '', '') {}
19-02-01 15:52:18 : 주식기본정보: 005690, {'종목명': '파미셀', '현재가': '-16550', '등락율': '-6.50', '거래량': '2757999', '시가': '-17200', '상한가': '+23000'}
19-02-01 15:52:18 : 주문: send_order 0101 8111294711 1 005690 6 23000 00 
로그인 시도
초기 요청 준비
19-02-01 16:16:16 : 요청 실행: kiwoom_CommConnect () {}
19-02-01 16:16:18 : 요청 콜백: kiwoom_OnEventConnect (0,) {}
19-02-01 16:16:18 : 로그인 성공
로그인 결과: {'result': 0}
로그인 시도
초기 요청 준비
19-02-01 16:17:06 : 요청 실행: kiwoom_CommConnect () {}
19-02-01 16:17:09 : 요청 콜백: kiwoom_OnEventConnect (0,) {}
19-02-01 16:17:09 : 로그인 성공
로그인 결과: {'result': 0}
초기 요청 준비
19-02-01 16:17:09 : 요청 실행: kiwoom_TR_OPT10001_주식기본정보요청 ('225430',) {}
19-02-01 16:17:09 : 요청 콜백: kiwoom_OnReceiveTrData ('0101', '주식기본정보', 'OPT10001', '', '0', 0, '', '', '') {}
19-02-01 16:17:09 : 주식기본정보: 225430, {'종목명': '케이엠제약', '현재가': '-3660', '등락율': '-6.87', '거래량': '1873110', '시가': '-3900', '상한가': '+5100'}
19-02-01 16:17:09 : 주문: send_order 0101 8111294711 1 225430 27 5100 00 
초기 요청 준비
19-02-01 16:17:09 : 요청 실행: kiwoom_TR_OPT10001_주식기본정보요청 ('049830',) {}
19-02-01 16:17:09 : 주문/잔고: 0101 send_order KOA_NORMAL_BUY_KQ_ORD [00Z218] 모의투자 장종료 상태입니다
19-02-01 16:17:09 : 요청 콜백: kiwoom_OnReceiveTrData ('0101', 'send_order', 'KOA_NORMAL_BUY_KQ_ORD', '', '', 0, '', '', '') {}
19-02-01 16:17:09 : 요청 콜백: kiwoom_OnReceiveTrData ('0101', '주식기본정보', 'OPT10001', '', '0', 0, '', '', '') {}
19-02-01 16:17:09 : 주식기본정보: 049830, {'종목명': '승일', '현재가': '-12400', '등락율': '-0.80', '거래량': '87116', '시가': '+12650', '상한가': '+16250'}
19-02-01 16:17:09 : 주문: send_order 0101 8111294711 1 049830 8 16250 00 
초기 요청 준비
19-02-01 16:17:12 : 요청 실행: kiwoom_TR_OPT10001_주식기본정보요청 ('005690',) {}
19-02-01 16:17:12 : 주문/잔고: 0101 send_order KOA_NORMAL_BUY_KQ_ORD [00Z218] 모의투자 장종료 상태입니다
19-02-01 16:17:12 : 요청 콜백: kiwoom_OnReceiveTrData ('0101', 'send_order', 'KOA_NORMAL_BUY_KQ_ORD', '', '', 0, '', '', '') {}
19-02-01 16:17:12 : 요청 콜백: kiwoom_OnReceiveTrData ('0101', '주식기본정보', 'OPT10001', '', '0', 0, '', '', '') {}
19-02-01 16:17:12 : 주식기본정보: 005690, {'종목명': '파미셀', '현재가': '-16550', '등락율': '-6.50', '거래량': '2758892', '시가': '-17200', '상한가': '+23000'}
19-02-01 16:17:12 : 주문: send_order 0101 8111294711 1 005690 6 23000 00 
로그인 시도
초기 요청 준비
19-02-01 16:17:53 : 요청 실행: kiwoom_CommConnect () {}
19-02-01 16:17:55 : 요청 콜백: kiwoom_OnEventConnect (0,) {}
19-02-01 16:17:55 : 로그인 성공
로그인 결과: {'result': 0}
초기 요청 준비
19-02-01 16:17:55 : 요청 실행: kiwoom_TR_OPT10001_주식기본정보요청 ('225530',) {}
19-02-01 16:17:55 : 요청 콜백: kiwoom_OnReceiveTrData ('0101', '주식기본정보', 'OPT10001', '', '0', 0, '', '', '') {}
19-02-01 16:17:55 : 주식기본정보: 225530, {'종목명': '보광산업', '현재가': '+6320', '등락율': '+0.64', '거래량': '1814671', '시가': '-6200', '상한가': '+8160'}
19-02-01 16:17:55 : 주문: send_order 0101 8111294711 1 225530 15 8160 00 
로그인 시도
초기 요청 준비
19-02-01 16:30:55 : 요청 실행: kiwoom_CommConnect () {}
19-02-01 16:30:57 : 요청 콜백: kiwoom_OnEventConnect (0,) {}
19-02-01 16:30:57 : 로그인 성공
로그인 결과: {'result': 0}
초기 요청 준비
19-02-01 16:30:57 : 요청 실행: kiwoom_TR_OPT10001_주식기본정보요청 ('225530',) {}
19-02-01 16:30:57 : 요청 콜백: kiwoom_OnReceiveTrData ('0101', '주식기본정보', 'OPT10001', '', '0', 0, '', '', '') {}
19-02-01 16:30:57 : 주식기본정보: 225530, {'종목명': '보광산업', '현재가': '+6320', '등락율': '+0.64', '거래량': '1814671', '시가': '-6200', '상한가': '+8160'}
19-02-01 16:30:57 : 주문: send_order 0101 8 1 225530 15 8160 00 
초기 요청 준비
19-02-01 16:31:14 : 요청 실행: kiwoom_TR_OPT10001_주식기본정보요청 ('225530',) {}
19-02-01 16:31:15 : 요청 콜백: kiwoom_OnReceiveTrData ('0101', '주식기본정보', 'OPT10001', '', '0', 0, '', '', '') {}
19-02-01 16:31:15 : 주식기본정보: 225530, {'종목명': '보광산업', '현재가': '+6320', '등락율': '+0.64', '거래량': '1814671', '시가': '-6200', '상한가': '+8160'}
19-02-01 16:31:15 : 주문: send_order 0101 8 1 225530 15 8160 00 
초기 요청 준비
19-02-01 16:31:21 : 요청 실행: kiwoom_TR_OPT10001_주식기본정보요청 ('225530',) {}
19-02-01 16:31:21 : 요청 콜백: kiwoom_OnReceiveTrData ('0101', '주식기본정보', 'OPT10001', '', '0', 0, '', '', '') {}
19-02-01 16:31:21 : 주식기본정보: 225530, {'종목명': '보광산업', '현재가': '+6320', '등락율': '+0.64', '거래량': '1814671', '시가': '-6200', '상한가': '+8160'}
19-02-01 16:31:21 : 주문: send_order 0101 8 1 225530 15 8160 00 
초기 요청 준비
19-02-01 16:31:25 : 요청 실행: kiwoom_TR_OPT10001_주식기본정보요청 ('225530',) {}
19-02-01 16:31:25 : 요청 콜백: kiwoom_OnReceiveTrData ('0101', '주식기본정보', 'OPT10001', '', '0', 0, '', '', '') {}
19-02-01 16:31:25 : 주식기본정보: 225530, {'종목명': '보광산업', '현재가': '+6320', '등락율': '+0.64', '거래량': '1814671', '시가': '-6200', '상한가': '+8160'}
19-02-01 16:31:25 : 주문: send_order 0101 8 1 225530 15 8160 00 
초기 요청 준비
19-02-01 16:31:29 : 요청 실행: kiwoom_TR_OPT10001_주식기본정보요청 ('225530',) {}
19-02-01 16:31:29 : 요청 콜백: kiwoom_OnReceiveTrData ('0101', '주식기본정보', 'OPT10001', '', '0', 0, '', '', '') {}
19-02-01 16:31:29 : 주식기본정보: 225530, {'종목명': '보광산업', '현재가': '+6320', '등락율': '+0.64', '거래량': '1814671', '시가': '-6200', '상한가': '+8160'}
19-02-01 16:31:29 : 주문: send_order 0101 8 1 225530 15 8160 00 
초기 요청 준비
19-02-01 16:31:34 : 요청 실행: kiwoom_TR_OPT10001_주식기본정보요청 ('225530',) {}
19-02-01 16:31:34 : 요청 콜백: kiwoom_OnReceiveTrData ('0101', '주식기본정보', 'OPT10001', '', '0', 0, '', '', '') {}
19-02-01 16:31:34 : 주식기본정보: 225530, {'종목명': '보광산업', '현재가': '+6320', '등락율': '+0.64', '거래량': '1814671', '시가': '-6200', '상한가': '+8160'}
19-02-01 16:31:34 : 주문: send_order 0101 8 1 225530 15 8160 00 
로그인 시도
초기 요청 준비
19-02-01 16:33:09 : 요청 실행: kiwoom_CommConnect () {}
19-02-01 16:33:12 : 요청 콜백: kiwoom_OnEventConnect (0,) {}
19-02-01 16:33:12 : 로그인 성공
로그인 결과: {'result': 0}
초기 요청 준비
19-02-01 16:33:12 : 요청 실행: kiwoom_TR_OPT10001_주식기본정보요청 ('225530',) {}
19-02-01 16:33:12 : 요청 콜백: kiwoom_OnReceiveTrData ('0101', '주식기본정보', 'OPT10001', '', '0', 0, '', '', '') {}
19-02-01 16:33:12 : 주식기본정보: 225530, {'종목명': '보광산업', '현재가': '+6320', '등락율': '+0.64', '거래량': '1814671', '시가': '-6200', '상한가': '+8160'}
19-02-01 16:33:12 : 주문: send_order 0101 8111294711; 1 225530 15 8160 00 
19-02-01 16:33:12 : REAL: 225530 주식시세 +6320	+40	+0.64	+6320	+6310	1814671	11387	-6200	+6420	-6100	2	-7383777	-48228101950	-19.73	5.26	21	2179	-19.10	000000	000000
로그인 시도
초기 요청 준비
19-02-01 16:38:19 : 요청 실행: kiwoom_CommConnect () {}
19-02-01 16:38:22 : 요청 콜백: kiwoom_OnEventConnect (0,) {}
19-02-01 16:38:22 : 로그인 성공
로그인 결과: {'result': 0}
초기 요청 준비
19-02-01 16:38:22 : 요청 실행: kiwoom_TR_OPT10001_주식기본정보요청 ('225530',) {}
19-02-01 16:38:22 : 요청 콜백: kiwoom_OnReceiveTrData ('0101', '주식기본정보', 'OPT10001', '', '0', 0, '', '', '') {}
19-02-01 16:38:22 : 주식기본정보: 225530, {'종목명': '보광산업', '현재가': '+6320', '등락율': '+0.64', '거래량': '1814671', '시가': '-6200', '상한가': '+8160'}
19-02-01 16:38:22 : 주문: send_order 0101 8111294711 1 225530 15 8160 00 
로그인 시도
초기 요청 준비
19-02-01 16:45:03 : 요청 실행: kiwoom_CommConnect () {}
19-02-01 16:45:06 : 요청 콜백: kiwoom_OnEventConnect (0,) {}
19-02-01 16:45:06 : 로그인 성공
로그인 결과: {'result': 0}
초기 요청 준비
19-02-01 16:45:06 : 요청 실행: kiwoom_TR_OPT10001_주식기본정보요청 ('225530',) {}
19-02-01 16:45:06 : 요청 콜백: kiwoom_OnReceiveTrData ('0101', '주식기본정보', 'OPT10001', '', '0', 0, '', '', '') {}
19-02-01 16:45:06 : 주식기본정보: 225530, {'종목명': '보광산업', '현재가': '+6320', '등락율': '+0.64', '거래량': '1814671', '시가': '-6200', '상한가': '+8160'}
초기 요청 준비
19-02-01 16:45:09 : 요청 실행: kiwoom_TR_OPT10001_주식기본정보요청 ('225530',) {}
19-02-01 16:45:09 : 요청 콜백: kiwoom_OnReceiveTrData ('0101', '주식기본정보', 'OPT10001', '', '0', 0, '', '', '') {}
19-02-01 16:45:09 : 주식기본정보: 225530, {'종목명': '보광산업', '현재가': '+6320', '등락율': '+0.64', '거래량': '1814671', '시가': '-6200', '상한가': '+8160'}
초기 요청 준비
19-02-01 16:45:12 : 요청 실행: kiwoom_TR_OPT10001_주식기본정보요청 ('225530',) {}
19-02-01 16:45:12 : 요청 콜백: kiwoom_OnReceiveTrData ('0101', '주식기본정보', 'OPT10001', '', '0', 0, '', '', '') {}
19-02-01 16:45:12 : 주식기본정보: 225530, {'종목명': '보광산업', '현재가': '+6320', '등락율': '+0.64', '거래량': '1814671', '시가': '-6200', '상한가': '+8160'}
초기 요청 준비
19-02-01 16:45:15 : 요청 실행: kiwoom_TR_OPT10001_주식기본정보요청 ('225530',) {}
19-02-01 16:45:15 : 요청 콜백: kiwoom_OnReceiveTrData ('0101', '주식기본정보', 'OPT10001', '', '0', 0, '', '', '') {}
19-02-01 16:45:15 : 주식기본정보: 225530, {'종목명': '보광산업', '현재가': '+6320', '등락율': '+0.64', '거래량': '1814671', '시가': '-6200', '상한가': '+8160'}
초기 요청 준비
19-02-01 16:45:18 : 요청 실행: kiwoom_TR_OPT10001_주식기본정보요청 ('225530',) {}
19-02-01 16:45:18 : 요청 콜백: kiwoom_OnReceiveTrData ('0101', '주식기본정보', 'OPT10001', '', '0', 0, '', '', '') {}
19-02-01 16:45:18 : 주식기본정보: 225530, {'종목명': '보광산업', '현재가': '+6320', '등락율': '+0.64', '거래량': '1814671', '시가': '-6200', '상한가': '+8160'}
초기 요청 준비
19-02-01 16:45:21 : 요청 실행: kiwoom_TR_OPT10001_주식기본정보요청 ('225530',) {}
19-02-01 16:45:21 : 요청 콜백: kiwoom_OnReceiveTrData ('0101', '주식기본정보', 'OPT10001', '', '0', 0, '', '', '') {}
19-02-01 16:45:21 : 주식기본정보: 225530, {'종목명': '보광산업', '현재가': '+6320', '등락율': '+0.64', '거래량': '1814671', '시가': '-6200', '상한가': '+8160'}
초기 요청 준비
19-02-01 16:45:25 : 요청 실행: kiwoom_TR_OPT10001_주식기본정보요청 ('225530',) {}
19-02-01 16:45:25 : 요청 콜백: kiwoom_OnReceiveTrData ('0101', '주식기본정보', 'OPT10001', '', '0', 0, '', '', '') {}
19-02-01 16:45:25 : 주식기본정보: 225530, {'종목명': '보광산업', '현재가': '+6320', '등락율': '+0.64', '거래량': '1814671', '시가': '-6200', '상한가': '+8160'}
초기 요청 준비
19-02-01 16:45:28 : 요청 실행: kiwoom_TR_OPT10001_주식기본정보요청 ('225530',) {}
19-02-01 16:45:28 : 요청 콜백: kiwoom_OnReceiveTrData ('0101', '주식기본정보', 'OPT10001', '', '0', 0, '', '', '') {}
19-02-01 16:45:28 : 주식기본정보: 225530, {'종목명': '보광산업', '현재가': '+6320', '등락율': '+0.64', '거래량': '1814671', '시가': '-6200', '상한가': '+8160'}
초기 요청 준비
19-02-01 16:45:31 : 요청 실행: kiwoom_TR_OPT10001_주식기본정보요청 ('225530',) {}
19-02-01 16:45:31 : 요청 콜백: kiwoom_OnReceiveTrData ('0101', '주식기본정보', 'OPT10001', '', '0', 0, '', '', '') {}
19-02-01 16:45:31 : 주식기본정보: 225530, {'종목명': '보광산업', '현재가': '+6320', '등락율': '+0.64', '거래량': '1814671', '시가': '-6200', '상한가': '+8160'}
초기 요청 준비
19-02-01 16:45:34 : 요청 실행: kiwoom_TR_OPT10001_주식기본정보요청 ('225530',) {}
19-02-01 16:45:34 : 요청 콜백: kiwoom_OnReceiveTrData ('0101', '주식기본정보', 'OPT10001', '', '0', 0, '', '', '') {}
19-02-01 16:45:34 : 주식기본정보: 225530, {'종목명': '보광산업', '현재가': '+6320', '등락율': '+0.64', '거래량': '1814671', '시가': '-6200', '상한가': '+8160'}
초기 요청 준비
19-02-01 16:45:37 : 요청 실행: kiwoom_TR_OPT10001_주식기본정보요청 ('225530',) {}
19-02-01 16:45:37 : 요청 콜백: kiwoom_OnReceiveTrData ('0101', '주식기본정보', 'OPT10001', '', '0', 0, '', '', '') {}
19-02-01 16:45:37 : 주식기본정보: 225530, {'종목명': '보광산업', '현재가': '+6320', '등락율': '+0.64', '거래량': '1814671', '시가': '-6200', '상한가': '+8160'}
초기 요청 준비
19-02-01 16:45:40 : 요청 실행: kiwoom_TR_OPT10001_주식기본정보요청 ('225530',) {}
19-02-01 16:45:40 : 요청 콜백: kiwoom_OnReceiveTrData ('0101', '주식기본정보', 'OPT10001', '', '0', 0, '', '', '') {}
19-02-01 16:45:40 : 주식기본정보: 225530, {'종목명': '보광산업', '현재가': '+6320', '등락율': '+0.64', '거래량': '1814671', '시가': '-6200', '상한가': '+8160'}
초기 요청 준비
19-02-01 16:45:43 : 요청 실행: kiwoom_TR_OPT10001_주식기본정보요청 ('225530',) {}
19-02-01 16:45:43 : 요청 콜백: kiwoom_OnReceiveTrData ('0101', '주식기본정보', 'OPT10001', '', '0', 0, '', '', '') {}
19-02-01 16:45:43 : 주식기본정보: 225530, {'종목명': '보광산업', '현재가': '+6320', '등락율': '+0.64', '거래량': '1814671', '시가': '-6200', '상한가': '+8160'}
초기 요청 준비
19-02-01 16:45:46 : 요청 실행: kiwoom_TR_OPT10001_주식기본정보요청 ('225530',) {}
19-02-01 16:45:47 : 요청 콜백: kiwoom_OnReceiveTrData ('0101', '주식기본정보', 'OPT10001', '', '0', 0, '', '', '') {}
19-02-01 16:45:47 : 주식기본정보: 225530, {'종목명': '보광산업', '현재가': '+6320', '등락율': '+0.64', '거래량': '1814671', '시가': '-6200', '상한가': '+8160'}
초기 요청 준비
19-02-01 16:45:50 : 요청 실행: kiwoom_TR_OPT10001_주식기본정보요청 ('225530',) {}
19-02-01 16:45:50 : 요청 콜백: kiwoom_OnReceiveTrData ('0101', '주식기본정보', 'OPT10001', '', '0', 0, '', '', '') {}
19-02-01 16:45:50 : 주식기본정보: 225530, {'종목명': '보광산업', '현재가': '+6320', '등락율': '+0.64', '거래량': '1814671', '시가': '-6200', '상한가': '+8160'}
초기 요청 준비
19-02-01 16:45:53 : 요청 실행: kiwoom_TR_OPT10001_주식기본정보요청 ('225530',) {}
19-02-01 16:45:53 : 요청 콜백: kiwoom_OnReceiveTrData ('0101', '주식기본정보', 'OPT10001', '', '0', 0, '', '', '') {}
19-02-01 16:45:53 : 주식기본정보: 225530, {'종목명': '보광산업', '현재가': '+6320', '등락율': '+0.64', '거래량': '1814671', '시가': '-6200', '상한가': '+8160'}
초기 요청 준비
19-02-01 16:45:56 : 요청 실행: kiwoom_TR_OPT10001_주식기본정보요청 ('225530',) {}
19-02-01 16:45:56 : 요청 콜백: kiwoom_OnReceiveTrData ('0101', '주식기본정보', 'OPT10001', '', '0', 0, '', '', '') {}
19-02-01 16:45:56 : 주식기본정보: 225530, {'종목명': '보광산업', '현재가': '+6320', '등락율': '+0.64', '거래량': '1814671', '시가': '-6200', '상한가': '+8160'}
초기 요청 준비
19-02-01 16:45:59 : 요청 실행: kiwoom_TR_OPT10001_주식기본정보요청 ('225530',) {}
19-02-01 16:45:59 : 요청 콜백: kiwoom_OnReceiveTrData ('0101', '주식기본정보', 'OPT10001', '', '0', 0, '', '', '') {}
19-02-01 16:45:59 : 주식기본정보: 225530, {'종목명': '보광산업', '현재가': '+6320', '등락율': '+0.64', '거래량': '1814671', '시가': '-6200', '상한가': '+8160'}
초기 요청 준비
19-02-01 16:46:02 : 요청 실행: kiwoom_TR_OPT10001_주식기본정보요청 ('225530',) {}
19-02-01 16:46:02 : 요청 콜백: kiwoom_OnReceiveTrData ('0101', '주식기본정보', 'OPT10001', '', '0', 0, '', '', '') {}
19-02-01 16:46:02 : 주식기본정보: 225530, {'종목명': '보광산업', '현재가': '+6320', '등락율': '+0.64', '거래량': '1814671', '시가': '-6200', '상한가': '+8160'}
초기 요청 준비
19-02-01 16:46:05 : 요청 실행: kiwoom_TR_OPT10001_주식기본정보요청 ('225530',) {}
19-02-01 16:46:05 : 요청 콜백: kiwoom_OnReceiveTrData ('0101', '주식기본정보', 'OPT10001', '', '0', 0, '', '', '') {}
19-02-01 16:46:05 : 주식기본정보: 225530, {'종목명': '보광산업', '현재가': '+6320', '등락율': '+0.64', '거래량': '1814671', '시가': '-6200', '상한가': '+8160'}
초기 요청 준비
19-02-01 16:46:08 : 요청 실행: kiwoom_TR_OPT10001_주식기본정보요청 ('225530',) {}
19-02-01 16:46:08 : 요청 콜백: kiwoom_OnReceiveTrData ('0101', '주식기본정보', 'OPT10001', '', '0', 0, '', '', '') {}
19-02-01 16:46:08 : 주식기본정보: 225530, {'종목명': '보광산업', '현재가': '+6320', '등락율': '+0.64', '거래량': '1814671', '시가': '-6200', '상한가': '+8160'}
초기 요청 준비
19-02-01 16:46:12 : 요청 실행: kiwoom_TR_OPT10001_주식기본정보요청 ('225530',) {}
19-02-01 16:46:12 : 요청 콜백: kiwoom_OnReceiveTrData ('0101', '주식기본정보', 'OPT10001', '', '0', 0, '', '', '') {}
19-02-01 16:46:12 : 주식기본정보: 225530, {'종목명': '보광산업', '현재가': '+6320', '등락율': '+0.64', '거래량': '1814671', '시가': '-6200', '상한가': '+8160'}
초기 요청 준비
19-02-01 16:46:15 : 요청 실행: kiwoom_TR_OPT10001_주식기본정보요청 ('225530',) {}
19-02-01 16:46:15 : 요청 콜백: kiwoom_OnReceiveTrData ('0101', '주식기본정보', 'OPT10001', '', '0', 0, '', '', '') {}
19-02-01 16:46:15 : 주식기본정보: 225530, {'종목명': '보광산업', '현재가': '+6320', '등락율': '+0.64', '거래량': '1814671', '시가': '-6200', '상한가': '+8160'}
초기 요청 준비
19-02-01 16:46:18 : 요청 실행: kiwoom_TR_OPT10001_주식기본정보요청 ('225530',) {}
19-02-01 16:46:18 : 요청 콜백: kiwoom_OnReceiveTrData ('0101', '주식기본정보', 'OPT10001', '', '0', 0, '', '', '') {}
19-02-01 16:46:18 : 주식기본정보: 225530, {'종목명': '보광산업', '현재가': '+6320', '등락율': '+0.64', '거래량': '1814671', '시가': '-6200', '상한가': '+8160'}
로그인 시도
초기 요청 준비
19-02-01 16:47:14 : 요청 실행: kiwoom_CommConnect () {}
19-02-01 16:47:17 : 요청 콜백: kiwoom_OnEventConnect (0,) {}
19-02-01 16:47:17 : 로그인 성공
로그인 결과: {'result': 0}
초기 요청 준비
19-02-01 16:47:17 : 요청 실행: kiwoom_TR_OPT10001_주식기본정보요청 ('225530',) {}
19-02-01 16:47:17 : 요청 콜백: kiwoom_OnReceiveTrData ('0101', '주식기본정보', 'OPT10001', '', '0', 0, '', '', '') {}
19-02-01 16:47:17 : 주식기본정보: 225530, {'종목명': '보광산업', '현재가': '+6320', '등락율': '+0.64', '거래량': '1814671', '시가': '-6200', '상한가': '+8160'}
초기 요청 준비
19-02-01 16:47:20 : 요청 실행: kiwoom_TR_OPT10001_주식기본정보요청 ('225530',) {}
19-02-01 16:47:20 : 요청 콜백: kiwoom_OnReceiveTrData ('0101', '주식기본정보', 'OPT10001', '', '0', 0, '', '', '') {}
19-02-01 16:47:20 : 주식기본정보: 225530, {'종목명': '보광산업', '현재가': '+6320', '등락율': '+0.64', '거래량': '1814671', '시가': '-6200', '상한가': '+8160'}
초기 요청 준비
19-02-01 16:47:23 : 요청 실행: kiwoom_TR_OPT10001_주식기본정보요청 ('225530',) {}
19-02-01 16:47:23 : 요청 콜백: kiwoom_OnReceiveTrData ('0101', '주식기본정보', 'OPT10001', '', '0', 0, '', '', '') {}
19-02-01 16:47:23 : 주식기본정보: 225530, {'종목명': '보광산업', '현재가': '+6320', '등락율': '+0.64', '거래량': '1814671', '시가': '-6200', '상한가': '+8160'}
초기 요청 준비
19-02-01 16:47:26 : 요청 실행: kiwoom_TR_OPT10001_주식기본정보요청 ('225530',) {}
19-02-01 16:47:26 : 요청 콜백: kiwoom_OnReceiveTrData ('0101', '주식기본정보', 'OPT10001', '', '0', 0, '', '', '') {}
19-02-01 16:47:26 : 주식기본정보: 225530, {'종목명': '보광산업', '현재가': '+6320', '등락율': '+0.64', '거래량': '1814671', '시가': '-6200', '상한가': '+8160'}
초기 요청 준비
19-02-01 16:47:29 : 요청 실행: kiwoom_TR_OPT10001_주식기본정보요청 ('225530',) {}
19-02-01 16:47:29 : 요청 콜백: kiwoom_OnReceiveTrData ('0101', '주식기본정보', 'OPT10001', '', '0', 0, '', '', '') {}
19-02-01 16:47:29 : 주식기본정보: 225530, {'종목명': '보광산업', '현재가': '+6320', '등락율': '+0.64', '거래량': '1814671', '시가': '-6200', '상한가': '+8160'}
로그인 시도
초기 요청 준비
19-02-01 16:50:59 : 요청 실행: kiwoom_CommConnect () {}
19-02-01 16:51:15 : 요청 콜백: kiwoom_OnEventConnect (0,) {}
19-02-01 16:51:15 : 로그인 성공
로그인 결과: {'result': 0}
초기 요청 준비
19-02-01 16:51:15 : 요청 실행: kiwoom_TR_OPT10001_주식기본정보요청 ('225530',) {}
19-02-01 16:51:15 : 요청 콜백: kiwoom_OnReceiveTrData ('0101', '주식기본정보', 'OPT10001', '', '0', 0, '', '', '') {}
19-02-01 16:51:15 : 주식기본정보: 225530, {'종목명': '보광산업', '현재가': '+6320', '등락율': '+0.64', '거래량': '1814671', '시가': '-6200', '상한가': '+8160'}
초기 요청 준비
19-02-01 16:51:18 : 요청 실행: kiwoom_TR_OPT10001_주식기본정보요청 ('225530',) {}
19-02-01 16:51:18 : 요청 콜백: kiwoom_OnReceiveTrData ('0101', '주식기본정보', 'OPT10001', '', '0', 0, '', '', '') {}
19-02-01 16:51:18 : 주식기본정보: 225530, {'종목명': '보광산업', '현재가': '+6320', '등락율': '+0.64', '거래량': '1814671', '시가': '-6200', '상한가': '+8160'}
초기 요청 준비
19-02-01 16:51:21 : 요청 실행: kiwoom_TR_OPT10001_주식기본정보요청 ('225530',) {}
19-02-01 16:51:21 : 요청 콜백: kiwoom_OnReceiveTrData ('0101', '주식기본정보', 'OPT10001', '', '0', 0, '', '', '') {}
19-02-01 16:51:21 : 주식기본정보: 225530, {'종목명': '보광산업', '현재가': '+6320', '등락율': '+0.64', '거래량': '1814671', '시가': '-6200', '상한가': '+8160'}
초기 요청 준비
19-02-01 16:51:25 : 요청 실행: kiwoom_TR_OPT10001_주식기본정보요청 ('225530',) {}
19-02-01 16:51:25 : 요청 콜백: kiwoom_OnReceiveTrData ('0101', '주식기본정보', 'OPT10001', '', '0', 0, '', '', '') {}
19-02-01 16:51:25 : 주식기본정보: 225530, {'종목명': '보광산업', '현재가': '+6320', '등락율': '+0.64', '거래량': '1814671', '시가': '-6200', '상한가': '+8160'}
초기 요청 준비
19-02-01 16:51:28 : 요청 실행: kiwoom_TR_OPT10001_주식기본정보요청 ('225530',) {}
19-02-01 16:51:28 : 요청 콜백: kiwoom_OnReceiveTrData ('0101', '주식기본정보', 'OPT10001', '', '0', 0, '', '', '') {}
19-02-01 16:51:28 : 주식기본정보: 225530, {'종목명': '보광산업', '현재가': '+6320', '등락율': '+0.64', '거래량': '1814671', '시가': '-6200', '상한가': '+8160'}
초기 요청 준비
19-02-01 16:51:31 : 요청 실행: kiwoom_TR_OPT10001_주식기본정보요청 ('225530',) {}
19-02-01 16:51:31 : 요청 콜백: kiwoom_OnReceiveTrData ('0101', '주식기본정보', 'OPT10001', '', '0', 0, '', '', '') {}
19-02-01 16:51:31 : 주식기본정보: 225530, {'종목명': '보광산업', '현재가': '+6320', '등락율': '+0.64', '거래량': '1814671', '시가': '-6200', '상한가': '+8160'}
초기 요청 준비
19-02-01 16:51:34 : 요청 실행: kiwoom_TR_OPT10001_주식기본정보요청 ('225530',) {}
19-02-01 16:51:34 : 요청 콜백: kiwoom_OnReceiveTrData ('0101', '주식기본정보', 'OPT10001', '', '0', 0, '', '', '') {}
19-02-01 16:51:34 : 주식기본정보: 225530, {'종목명': '보광산업', '현재가': '+6320', '등락율': '+0.64', '거래량': '1814671', '시가': '-6200', '상한가': '+8160'}
초기 요청 준비
19-02-01 16:51:37 : 요청 실행: kiwoom_TR_OPT10001_주식기본정보요청 ('225530',) {}
19-02-01 16:51:37 : 요청 콜백: kiwoom_OnReceiveTrData ('0101', '주식기본정보', 'OPT10001', '', '0', 0, '', '', '') {}
19-02-01 16:51:37 : 주식기본정보: 225530, {'종목명': '보광산업', '현재가': '+6320', '등락율': '+0.64', '거래량': '1814671', '시가': '-6200', '상한가': '+8160'}
초기 요청 준비
19-02-01 16:51:40 : 요청 실행: kiwoom_TR_OPT10001_주식기본정보요청 ('225530',) {}
19-02-01 16:51:40 : 요청 콜백: kiwoom_OnReceiveTrData ('0101', '주식기본정보', 'OPT10001', '', '0', 0, '', '', '') {}
19-02-01 16:51:40 : 주식기본정보: 225530, {'종목명': '보광산업', '현재가': '+6320', '등락율': '+0.64', '거래량': '1814671', '시가': '-6200', '상한가': '+8160'}
초기 요청 준비
19-02-01 16:51:43 : 요청 실행: kiwoom_TR_OPT10001_주식기본정보요청 ('225530',) {}
19-02-01 16:51:43 : 요청 콜백: kiwoom_OnReceiveTrData ('0101', '주식기본정보', 'OPT10001', '', '0', 0, '', '', '') {}
19-02-01 16:51:43 : 주식기본정보: 225530, {'종목명': '보광산업', '현재가': '+6320', '등락율': '+0.64', '거래량': '1814671', '시가': '-6200', '상한가': '+8160'}
초기 요청 준비
19-02-01 16:51:47 : 요청 실행: kiwoom_TR_OPT10001_주식기본정보요청 ('225530',) {}
19-02-01 16:51:47 : 요청 콜백: kiwoom_OnReceiveTrData ('0101', '주식기본정보', 'OPT10001', '', '0', 0, '', '', '') {}
19-02-01 16:51:47 : 주식기본정보: 225530, {'종목명': '보광산업', '현재가': '+6320', '등락율': '+0.64', '거래량': '1814671', '시가': '-6200', '상한가': '+8160'}
초기 요청 준비
19-02-01 16:51:50 : 요청 실행: kiwoom_TR_OPT10001_주식기본정보요청 ('225530',) {}
19-02-01 16:51:50 : 요청 콜백: kiwoom_OnReceiveTrData ('0101', '주식기본정보', 'OPT10001', '', '0', 0, '', '', '') {}
19-02-01 16:51:50 : 주식기본정보: 225530, {'종목명': '보광산업', '현재가': '+6320', '등락율': '+0.64', '거래량': '1814671', '시가': '-6200', '상한가': '+8160'}
초기 요청 준비
19-02-01 16:51:53 : 요청 실행: kiwoom_TR_OPT10001_주식기본정보요청 ('225530',) {}
19-02-01 16:51:53 : 요청 콜백: kiwoom_OnReceiveTrData ('0101', '주식기본정보', 'OPT10001', '', '0', 0, '', '', '') {}
19-02-01 16:51:53 : 주식기본정보: 225530, {'종목명': '보광산업', '현재가': '+6320', '등락율': '+0.64', '거래량': '1814671', '시가': '-6200', '상한가': '+8160'}
초기 요청 준비
19-02-01 16:51:56 : 요청 실행: kiwoom_TR_OPT10001_주식기본정보요청 ('225530',) {}
19-02-01 16:51:56 : 요청 콜백: kiwoom_OnReceiveTrData ('0101', '주식기본정보', 'OPT10001', '', '0', 0, '', '', '') {}
19-02-01 16:51:56 : 주식기본정보: 225530, {'종목명': '보광산업', '현재가': '+6320', '등락율': '+0.64', '거래량': '1814671', '시가': '-6200', '상한가': '+8160'}
초기 요청 준비
19-02-01 16:51:59 : 요청 실행: kiwoom_TR_OPT10001_주식기본정보요청 ('225530',) {}
19-02-01 16:51:59 : 요청 콜백: kiwoom_OnReceiveTrData ('0101', '주식기본정보', 'OPT10001', '', '0', 0, '', '', '') {}
19-02-01 16:51:59 : 주식기본정보: 225530, {'종목명': '보광산업', '현재가': '+6320', '등락율': '+0.64', '거래량': '1814671', '시가': '-6200', '상한가': '+8160'}
초기 요청 준비
19-02-01 16:52:02 : 요청 실행: kiwoom_TR_OPT10001_주식기본정보요청 ('225530',) {}
19-02-01 16:52:02 : 요청 콜백: kiwoom_OnReceiveTrData ('0101', '주식기본정보', 'OPT10001', '', '0', 0, '', '', '') {}
19-02-01 16:52:02 : 주식기본정보: 225530, {'종목명': '보광산업', '현재가': '+6320', '등락율': '+0.64', '거래량': '1814671', '시가': '-6200', '상한가': '+8160'}
로그인 시도
초기 요청 준비
19-02-01 16:52:09 : 요청 실행: kiwoom_CommConnect () {}
19-02-01 16:52:24 : 요청 콜백: kiwoom_OnEventConnect (0,) {}
19-02-01 16:52:24 : 로그인 성공
로그인 결과: {'result': 0}
초기 요청 준비
19-02-01 16:52:24 : 요청 실행: kiwoom_TR_OPT10001_주식기본정보요청 ('225530',) {}
19-02-01 16:52:24 : 요청 콜백: kiwoom_OnReceiveTrData ('0101', '주식기본정보', 'OPT10001', '', '0', 0, '', '', '') {}
19-02-01 16:52:24 : 주식기본정보: 225530, {'종목명': '보광산업', '현재가': '+6320', '등락율': '+0.64', '거래량': '1814671', '시가': '-6200', '상한가': '+8160'}
초기 요청 준비
19-02-01 16:52:27 : 요청 실행: kiwoom_TR_OPT10001_주식기본정보요청 ('225530',) {}
19-02-01 16:52:27 : 요청 콜백: kiwoom_OnReceiveTrData ('0101', '주식기본정보', 'OPT10001', '', '0', 0, '', '', '') {}
19-02-01 16:52:27 : 주식기본정보: 225530, {'종목명': '보광산업', '현재가': '+6320', '등락율': '+0.64', '거래량': '1814671', '시가': '-6200', '상한가': '+8160'}
초기 요청 준비
19-02-01 16:52:31 : 요청 실행: kiwoom_TR_OPT10001_주식기본정보요청 ('225530',) {}
19-02-01 16:52:31 : 요청 콜백: kiwoom_OnReceiveTrData ('0101', '주식기본정보', 'OPT10001', '', '0', 0, '', '', '') {}
19-02-01 16:52:31 : 주식기본정보: 225530, {'종목명': '보광산업', '현재가': '+6320', '등락율': '+0.64', '거래량': '1814671', '시가': '-6200', '상한가': '+8160'}
초기 요청 준비
19-02-01 16:52:34 : 요청 실행: kiwoom_TR_OPT10001_주식기본정보요청 ('225530',) {}
19-02-01 16:52:34 : 요청 콜백: kiwoom_OnReceiveTrData ('0101', '주식기본정보', 'OPT10001', '', '0', 0, '', '', '') {}
19-02-01 16:52:34 : 주식기본정보: 225530, {'종목명': '보광산업', '현재가': '+6320', '등락율': '+0.64', '거래량': '1814671', '시가': '-6200', '상한가': '+8160'}
초기 요청 준비
19-02-01 16:52:37 : 요청 실행: kiwoom_TR_OPT10001_주식기본정보요청 ('225530',) {}
19-02-01 16:52:37 : 요청 콜백: kiwoom_OnReceiveTrData ('0101', '주식기본정보', 'OPT10001', '', '0', 0, '', '', '') {}
19-02-01 16:52:37 : 주식기본정보: 225530, {'종목명': '보광산업', '현재가': '+6320', '등락율': '+0.64', '거래량': '1814671', '시가': '-6200', '상한가': '+8160'}
초기 요청 준비
19-02-01 16:52:40 : 요청 실행: kiwoom_TR_OPT10001_주식기본정보요청 ('225530',) {}
19-02-01 16:52:40 : 요청 콜백: kiwoom_OnReceiveTrData ('0101', '주식기본정보', 'OPT10001', '', '0', 0, '', '', '') {}
19-02-01 16:52:40 : 주식기본정보: 225530, {'종목명': '보광산업', '현재가': '+6320', '등락율': '+0.64', '거래량': '1814671', '시가': '-6200', '상한가': '+8160'}
초기 요청 준비
19-02-01 16:52:43 : 요청 실행: kiwoom_TR_OPT10001_주식기본정보요청 ('225530',) {}
19-02-01 16:52:43 : 요청 콜백: kiwoom_OnReceiveTrData ('0101', '주식기본정보', 'OPT10001', '', '0', 0, '', '', '') {}
19-02-01 16:52:43 : 주식기본정보: 225530, {'종목명': '보광산업', '현재가': '+6320', '등락율': '+0.64', '거래량': '1814671', '시가': '-6200', '상한가': '+8160'}
로그인 시도
초기 요청 준비
19-02-12 00:00:12 : 요청 실행: kiwoom_CommConnect () {}
로그인 시도
초기 요청 준비
19-02-12 00:00:43 : 요청 실행: kiwoom_CommConnect () {}
19-02-12 00:00:49 : 요청 콜백: kiwoom_OnEventConnect (0,) {}
19-02-12 00:00:49 : 로그인 성공
로그인 결과: {'result': 0}
로그인 시도
초기 요청 준비
19-02-12 00:01:19 : 요청 실행: kiwoom_CommConnect () {}
19-02-12 00:01:23 : 요청 콜백: kiwoom_OnEventConnect (0,) {}
19-02-12 00:01:23 : 로그인 성공
로그인 결과: {'result': 0}
초기 요청 준비
19-02-12 00:01:23 : 요청 실행: kiwoom_TR_OPT10001_주식기본정보요청 ('016380',) {}
19-02-12 00:01:23 : 요청 콜백: kiwoom_OnReceiveTrData ('0101', '주식기본정보', 'OPT10001', '', '0', 0, '', '', '') {}
19-02-12 00:01:23 : 주식기본정보: 016380, {'종목명': '동부제철', '현재가': '-10800', '등락율': '-10.00', '거래량': '618676', '시가': '+12500', '상한가': '+15600'}
19-02-12 00:01:24 : 주문: send_order 0101 8114484211 1 016380 2777 15600 00 
초기 요청 준비
19-02-12 00:01:24 : 요청 실행: kiwoom_TR_OPT10001_주식기본정보요청 ('032800',) {}
19-02-12 00:01:24 : 주문/잔고: 0101 send_order KOA_NORMAL_BUY_KP_ORD [00Z218] 모의투자 장종료 상태입니다
19-02-12 00:01:24 : 요청 콜백: kiwoom_OnReceiveTrData ('0101', 'send_order', 'KOA_NORMAL_BUY_KP_ORD', '', '', 0, '', '', '') {}
19-02-12 00:01:24 : 요청 콜백: kiwoom_OnReceiveTrData ('0101', '주식기본정보', 'OPT10001', '', '0', 0, '', '', '') {}
19-02-12 00:01:24 : 주식기본정보: 032800, {'종목명': '판타지오', '현재가': '+850', '등락율': '+22.13', '거래량': '26445119', '시가': '+725', '상한가': '+904'}
초기 요청 준비
19-02-12 00:01:27 : 요청 실행: kiwoom_TR_OPT10001_주식기본정보요청 ('021040',) {}
19-02-12 00:01:27 : 요청 콜백: kiwoom_OnReceiveTrData ('0101', '주식기본정보', 'OPT10001', '', '0', 0, '', '', '') {}
19-02-12 00:01:27 : 주식기본정보: 021040, {'종목명': '대호피앤씨', '현재가': '-1260', '등락율': '-2.33', '거래량': '6602004', '시가': '+1400', '상한가': '+1675'}
19-02-12 00:01:27 : 주문: send_order 0101 8114484211 1 021040 23809 1675 00 
초기 요청 준비
19-02-12 00:01:30 : 요청 실행: kiwoom_TR_OPT10001_주식기본정보요청 ('032800',) {}
19-02-12 00:01:30 : 주문/잔고: 0101 send_order KOA_NORMAL_BUY_KP_ORD [00Z218] 모의투자 장종료 상태입니다
19-02-12 00:01:30 : 요청 콜백: kiwoom_OnReceiveTrData ('0101', 'send_order', 'KOA_NORMAL_BUY_KP_ORD', '', '', 0, '', '', '') {}
19-02-12 00:01:30 : 요청 콜백: kiwoom_OnReceiveTrData ('0101', '주식기본정보', 'OPT10001', '', '0', 0, '', '', '') {}
19-02-12 00:01:30 : 주식기본정보: 032800, {'종목명': '판타지오', '현재가': '+850', '등락율': '+22.13', '거래량': '26445119', '시가': '+725', '상한가': '+904'}
초기 요청 준비
19-02-12 00:01:34 : 요청 실행: kiwoom_TR_OPT10001_주식기본정보요청 ('032800',) {}
19-02-12 00:01:34 : 요청 콜백: kiwoom_OnReceiveTrData ('0101', '주식기본정보', 'OPT10001', '', '0', 0, '', '', '') {}
19-02-12 00:01:34 : 주식기본정보: 032800, {'종목명': '판타지오', '현재가': '+850', '등락율': '+22.13', '거래량': '26445119', '시가': '+725', '상한가': '+904'}
로그인 시도
초기 요청 준비
19-02-12 00:01:57 : 요청 실행: kiwoom_CommConnect () {}
19-02-12 00:02:01 : 요청 콜백: kiwoom_OnEventConnect (0,) {}
19-02-12 00:02:01 : 로그인 성공
로그인 결과: {'result': 0}
초기 요청 준비
19-02-12 00:02:01 : 요청 실행: kiwoom_TR_OPT10001_주식기본정보요청 ('016380',) {}
19-02-12 00:02:01 : 요청 콜백: kiwoom_OnReceiveTrData ('0101', '주식기본정보', 'OPT10001', '', '0', 0, '', '', '') {}
19-02-12 00:02:01 : 주식기본정보: 016380, {'종목명': '동부제철', '현재가': '-10800', '등락율': '-10.00', '거래량': '618676', '시가': '+12500', '상한가': '+15600'}
19-02-12 00:02:02 : 주문: send_order 0101 8114484211 1 016380 2777 15600 00 
초기 요청 준비
19-02-12 00:02:02 : 요청 실행: kiwoom_TR_OPT10001_주식기본정보요청 ('032800',) {}
19-02-12 00:02:02 : 주문/잔고: 0101 send_order KOA_NORMAL_BUY_KP_ORD [00Z218] 모의투자 장종료 상태입니다
19-02-12 00:02:02 : 요청 콜백: kiwoom_OnReceiveTrData ('0101', 'send_order', 'KOA_NORMAL_BUY_KP_ORD', '', '', 0, '', '', '') {}
19-02-12 00:02:02 : 요청 콜백: kiwoom_OnReceiveTrData ('0101', '주식기본정보', 'OPT10001', '', '0', 0, '', '', '') {}
19-02-12 00:02:02 : 주식기본정보: 032800, {'종목명': '판타지오', '현재가': '+850', '등락율': '+22.13', '거래량': '26445119', '시가': '+725', '상한가': '+904'}
초기 요청 준비
19-02-12 00:02:06 : 요청 실행: kiwoom_TR_OPT10001_주식기본정보요청 ('021040',) {}
19-02-12 00:02:06 : 요청 콜백: kiwoom_OnReceiveTrData ('0101', '주식기본정보', 'OPT10001', '', '0', 0, '', '', '') {}
19-02-12 00:02:06 : 주식기본정보: 021040, {'종목명': '대호피앤씨', '현재가': '-1260', '등락율': '-2.33', '거래량': '6602004', '시가': '+1400', '상한가': '+1675'}
19-02-12 00:02:06 : 주문: send_order 0101 8114484211 1 021040 23809 1675 00 
초기 요청 준비
19-02-12 00:02:09 : 요청 실행: kiwoom_TR_OPT10001_주식기본정보요청 ('032800',) {}
19-02-12 00:02:09 : 주문/잔고: 0101 send_order KOA_NORMAL_BUY_KP_ORD [00Z218] 모의투자 장종료 상태입니다
19-02-12 00:02:09 : 요청 콜백: kiwoom_OnReceiveTrData ('0101', 'send_order', 'KOA_NORMAL_BUY_KP_ORD', '', '', 0, '', '', '') {}
19-02-12 00:02:09 : 요청 콜백: kiwoom_OnReceiveTrData ('0101', '주식기본정보', 'OPT10001', '', '0', 0, '', '', '') {}
19-02-12 00:02:09 : 주식기본정보: 032800, {'종목명': '판타지오', '현재가': '+850', '등락율': '+22.13', '거래량': '26445119', '시가': '+725', '상한가': '+904'}
초기 요청 준비
19-02-12 00:02:13 : 요청 실행: kiwoom_TR_OPT10001_주식기본정보요청 ('032800',) {}
19-02-12 00:02:13 : 요청 콜백: kiwoom_OnReceiveTrData ('0101', '주식기본정보', 'OPT10001', '', '0', 0, '', '', '') {}
19-02-12 00:02:13 : 주식기본정보: 032800, {'종목명': '판타지오', '현재가': '+850', '등락율': '+22.13', '거래량': '26445119', '시가': '+725', '상한가': '+904'}
초기 요청 준비
19-02-12 00:02:16 : 요청 실행: kiwoom_TR_OPT10001_주식기본정보요청 ('032800',) {}
19-02-12 00:02:16 : 요청 콜백: kiwoom_OnReceiveTrData ('0101', '주식기본정보', 'OPT10001', '', '0', 0, '', '', '') {}
19-02-12 00:02:16 : 주식기본정보: 032800, {'종목명': '판타지오', '현재가': '+850', '등락율': '+22.13', '거래량': '26445119', '시가': '+725', '상한가': '+904'}
초기 요청 준비
19-02-12 00:02:19 : 요청 실행: kiwoom_TR_OPT10001_주식기본정보요청 ('032800',) {}
19-02-12 00:02:19 : 요청 콜백: kiwoom_OnReceiveTrData ('0101', '주식기본정보', 'OPT10001', '', '0', 0, '', '', '') {}
19-02-12 00:02:19 : 주식기본정보: 032800, {'종목명': '판타지오', '현재가': '+850', '등락율': '+22.13', '거래량': '26445119', '시가': '+725', '상한가': '+904'}
초기 요청 준비
19-02-12 00:02:23 : 요청 실행: kiwoom_TR_OPT10001_주식기본정보요청 ('032800',) {}
19-02-12 00:02:23 : 요청 콜백: kiwoom_OnReceiveTrData ('0101', '주식기본정보', 'OPT10001', '', '0', 0, '', '', '') {}
19-02-12 00:02:23 : 주식기본정보: 032800, {'종목명': '판타지오', '현재가': '+850', '등락율': '+22.13', '거래량': '26445119', '시가': '+725', '상한가': '+904'}
초기 요청 준비
19-02-12 00:02:26 : 요청 실행: kiwoom_TR_OPT10001_주식기본정보요청 ('032800',) {}
19-02-12 00:02:26 : 요청 콜백: kiwoom_OnReceiveTrData ('0101', '주식기본정보', 'OPT10001', '', '0', 0, '', '', '') {}
19-02-12 00:02:26 : 주식기본정보: 032800, {'종목명': '판타지오', '현재가': '+850', '등락율': '+22.13', '거래량': '26445119', '시가': '+725', '상한가': '+904'}
초기 요청 준비
19-02-12 00:02:30 : 요청 실행: kiwoom_TR_OPT10001_주식기본정보요청 ('032800',) {}
19-02-12 00:02:30 : 요청 콜백: kiwoom_OnReceiveTrData ('0101', '주식기본정보', 'OPT10001', '', '0', 0, '', '', '') {}
19-02-12 00:02:30 : 주식기본정보: 032800, {'종목명': '판타지오', '현재가': '+850', '등락율': '+22.13', '거래량': '26445119', '시가': '+725', '상한가': '+904'}
초기 요청 준비
19-02-12 00:02:33 : 요청 실행: kiwoom_TR_OPT10001_주식기본정보요청 ('032800',) {}
19-02-12 00:02:33 : 요청 콜백: kiwoom_OnReceiveTrData ('0101', '주식기본정보', 'OPT10001', '', '0', 0, '', '', '') {}
19-02-12 00:02:33 : 주식기본정보: 032800, {'종목명': '판타지오', '현재가': '+850', '등락율': '+22.13', '거래량': '26445119', '시가': '+725', '상한가': '+904'}
초기 요청 준비
19-02-12 00:02:37 : 요청 실행: kiwoom_TR_OPT10001_주식기본정보요청 ('032800',) {}
19-02-12 00:02:37 : 요청 콜백: kiwoom_OnReceiveTrData ('0101', '주식기본정보', 'OPT10001', '', '0', 0, '', '', '') {}
19-02-12 00:02:37 : 주식기본정보: 032800, {'종목명': '판타지오', '현재가': '+850', '등락율': '+22.13', '거래량': '26445119', '시가': '+725', '상한가': '+904'}
초기 요청 준비
19-02-12 00:02:40 : 요청 실행: kiwoom_TR_OPT10001_주식기본정보요청 ('032800',) {}
19-02-12 00:02:40 : 요청 콜백: kiwoom_OnReceiveTrData ('0101', '주식기본정보', 'OPT10001', '', '0', 0, '', '', '') {}
19-02-12 00:02:40 : 주식기본정보: 032800, {'종목명': '판타지오', '현재가': '+850', '등락율': '+22.13', '거래량': '26445119', '시가': '+725', '상한가': '+904'}
초기 요청 준비
19-02-12 00:02:43 : 요청 실행: kiwoom_TR_OPT10001_주식기본정보요청 ('032800',) {}
19-02-12 00:02:44 : 요청 콜백: kiwoom_OnReceiveTrData ('0101', '주식기본정보', 'OPT10001', '', '0', 0, '', '', '') {}
19-02-12 00:02:44 : 주식기본정보: 032800, {'종목명': '판타지오', '현재가': '+850', '등락율': '+22.13', '거래량': '26445119', '시가': '+725', '상한가': '+904'}
초기 요청 준비
19-02-12 00:02:47 : 요청 실행: kiwoom_TR_OPT10001_주식기본정보요청 ('032800',) {}
로그인 시도
초기 요청 준비
19-02-12 00:03:06 : 요청 실행: kiwoom_CommConnect () {}
19-02-12 00:03:10 : 요청 콜백: kiwoom_OnEventConnect (0,) {}
19-02-12 00:03:10 : 로그인 성공
로그인 결과: {'result': 0}
초기 요청 준비
19-02-12 00:03:10 : 요청 실행: kiwoom_TR_OPT10001_주식기본정보요청 ('016380',) {}
19-02-12 00:03:10 : 요청 콜백: kiwoom_OnReceiveTrData ('0101', '주식기본정보', 'OPT10001', '', '0', 0, '', '', '') {}
19-02-12 00:03:10 : 주식기본정보: 016380, {'종목명': '동부제철', '현재가': '-10800', '등락율': '-10.00', '거래량': '618676', '시가': '+12500', '상한가': '+15600'}
19-02-12 00:03:11 : 주문: send_order 0101 8114484211 1 016380 2777 15600 00 
초기 요청 준비
19-02-12 00:03:11 : 요청 실행: kiwoom_TR_OPT10001_주식기본정보요청 ('032800',) {}
19-02-12 00:03:11 : 주문/잔고: 0101 send_order KOA_NORMAL_BUY_KP_ORD [00Z218] 모의투자 장종료 상태입니다
19-02-12 00:03:11 : 요청 콜백: kiwoom_OnReceiveTrData ('0101', 'send_order', 'KOA_NORMAL_BUY_KP_ORD', '', '', 0, '', '', '') {}
19-02-12 00:03:11 : 요청 콜백: kiwoom_OnReceiveTrData ('0101', '주식기본정보', 'OPT10001', '', '0', 0, '', '', '') {}
19-02-12 00:03:11 : 주식기본정보: 032800, {'종목명': '판타지오', '현재가': '+850', '등락율': '+22.13', '거래량': '26445119', '시가': '+725', '상한가': '+904'}
초기 요청 준비
19-02-12 00:03:14 : 요청 실행: kiwoom_TR_OPT10001_주식기본정보요청 ('021040',) {}
19-02-12 00:03:14 : 요청 콜백: kiwoom_OnReceiveTrData ('0101', '주식기본정보', 'OPT10001', '', '0', 0, '', '', '') {}
19-02-12 00:03:14 : 주식기본정보: 021040, {'종목명': '대호피앤씨', '현재가': '-1260', '등락율': '-2.33', '거래량': '6602004', '시가': '+1400', '상한가': '+1675'}
19-02-12 00:03:15 : 주문: send_order 0101 8114484211 1 021040 23809 1675 00 
초기 요청 준비
19-02-12 00:03:18 : 요청 실행: kiwoom_TR_OPT10001_주식기본정보요청 ('032800',) {}
19-02-12 00:03:18 : 주문/잔고: 0101 send_order KOA_NORMAL_BUY_KP_ORD [00Z218] 모의투자 장종료 상태입니다
19-02-12 00:03:18 : 요청 콜백: kiwoom_OnReceiveTrData ('0101', 'send_order', 'KOA_NORMAL_BUY_KP_ORD', '', '', 0, '', '', '') {}
19-02-12 00:03:18 : 요청 콜백: kiwoom_OnReceiveTrData ('0101', '주식기본정보', 'OPT10001', '', '0', 0, '', '', '') {}
19-02-12 00:03:18 : 주식기본정보: 032800, {'종목명': '판타지오', '현재가': '+850', '등락율': '+22.13', '거래량': '26445119', '시가': '+725', '상한가': '+904'}
초기 요청 준비
19-02-12 00:03:21 : 요청 실행: kiwoom_TR_OPT10001_주식기본정보요청 ('032800',) {}
19-02-12 00:03:21 : 요청 콜백: kiwoom_OnReceiveTrData ('0101', '주식기본정보', 'OPT10001', '', '0', 0, '', '', '') {}
19-02-12 00:03:21 : 주식기본정보: 032800, {'종목명': '판타지오', '현재가': '+850', '등락율': '+22.13', '거래량': '26445119', '시가': '+725', '상한가': '+904'}
초기 요청 준비
19-02-12 00:03:25 : 요청 실행: kiwoom_TR_OPT10001_주식기본정보요청 ('032800',) {}
19-02-12 00:03:25 : 요청 콜백: kiwoom_OnReceiveTrData ('0101', '주식기본정보', 'OPT10001', '', '0', 0, '', '', '') {}
19-02-12 00:03:25 : 주식기본정보: 032800, {'종목명': '판타지오', '현재가': '+850', '등락율': '+22.13', '거래량': '26445119', '시가': '+725', '상한가': '+904'}
초기 요청 준비
19-02-12 00:03:28 : 요청 실행: kiwoom_TR_OPT10001_주식기본정보요청 ('032800',) {}
19-02-12 00:03:28 : 요청 콜백: kiwoom_OnReceiveTrData ('0101', '주식기본정보', 'OPT10001', '', '0', 0, '', '', '') {}
19-02-12 00:03:28 : 주식기본정보: 032800, {'종목명': '판타지오', '현재가': '+850', '등락율': '+22.13', '거래량': '26445119', '시가': '+725', '상한가': '+904'}
초기 요청 준비
19-02-12 00:03:32 : 요청 실행: kiwoom_TR_OPT10001_주식기본정보요청 ('032800',) {}
19-02-12 00:03:32 : 요청 콜백: kiwoom_OnReceiveTrData ('0101', '주식기본정보', 'OPT10001', '', '0', 0, '', '', '') {}
19-02-12 00:03:32 : 주식기본정보: 032800, {'종목명': '판타지오', '현재가': '+850', '등락율': '+22.13', '거래량': '26445119', '시가': '+725', '상한가': '+904'}
초기 요청 준비
19-02-12 00:03:35 : 요청 실행: kiwoom_TR_OPT10001_주식기본정보요청 ('032800',) {}
19-02-12 00:03:35 : 요청 콜백: kiwoom_OnReceiveTrData ('0101', '주식기본정보', 'OPT10001', '', '0', 0, '', '', '') {}
19-02-12 00:03:35 : 주식기본정보: 032800, {'종목명': '판타지오', '현재가': '+850', '등락율': '+22.13', '거래량': '26445119', '시가': '+725', '상한가': '+904'}
초기 요청 준비
19-02-12 00:03:39 : 요청 실행: kiwoom_TR_OPT10001_주식기본정보요청 ('032800',) {}
19-02-12 00:03:39 : 요청 콜백: kiwoom_OnReceiveTrData ('0101', '주식기본정보', 'OPT10001', '', '0', 0, '', '', '') {}
19-02-12 00:03:39 : 주식기본정보: 032800, {'종목명': '판타지오', '현재가': '+850', '등락율': '+22.13', '거래량': '26445119', '시가': '+725', '상한가': '+904'}
초기 요청 준비
19-02-12 00:03:42 : 요청 실행: kiwoom_TR_OPT10001_주식기본정보요청 ('032800',) {}
19-02-12 00:03:42 : 요청 콜백: kiwoom_OnReceiveTrData ('0101', '주식기본정보', 'OPT10001', '', '0', 0, '', '', '') {}
19-02-12 00:03:42 : 주식기본정보: 032800, {'종목명': '판타지오', '현재가': '+850', '등락율': '+22.13', '거래량': '26445119', '시가': '+725', '상한가': '+904'}
초기 요청 준비
19-02-12 00:03:45 : 요청 실행: kiwoom_TR_OPT10001_주식기본정보요청 ('032800',) {}
19-02-12 00:03:45 : 요청 콜백: kiwoom_OnReceiveTrData ('0101', '주식기본정보', 'OPT10001', '', '0', 0, '', '', '') {}
19-02-12 00:03:45 : 주식기본정보: 032800, {'종목명': '판타지오', '현재가': '+850', '등락율': '+22.13', '거래량': '26445119', '시가': '+725', '상한가': '+904'}
초기 요청 준비
19-02-12 00:03:49 : 요청 실행: kiwoom_TR_OPT10001_주식기본정보요청 ('032800',) {}
19-02-12 00:03:49 : 요청 콜백: kiwoom_OnReceiveTrData ('0101', '주식기본정보', 'OPT10001', '', '0', 0, '', '', '') {}
19-02-12 00:03:49 : 주식기본정보: 032800, {'종목명': '판타지오', '현재가': '+850', '등락율': '+22.13', '거래량': '26445119', '시가': '+725', '상한가': '+904'}
초기 요청 준비
19-02-12 00:03:52 : 요청 실행: kiwoom_TR_OPT10001_주식기본정보요청 ('032800',) {}
19-02-12 00:03:52 : 요청 콜백: kiwoom_OnReceiveTrData ('0101', '주식기본정보', 'OPT10001', '', '0', 0, '', '', '') {}
19-02-12 00:03:52 : 주식기본정보: 032800, {'종목명': '판타지오', '현재가': '+850', '등락율': '+22.13', '거래량': '26445119', '시가': '+725', '상한가': '+904'}
초기 요청 준비
19-02-12 00:03:56 : 요청 실행: kiwoom_TR_OPT10001_주식기본정보요청 ('032800',) {}
19-02-12 00:03:56 : 요청 콜백: kiwoom_OnReceiveTrData ('0101', '주식기본정보', 'OPT10001', '', '0', 0, '', '', '') {}
19-02-12 00:03:56 : 주식기본정보: 032800, {'종목명': '판타지오', '현재가': '+850', '등락율': '+22.13', '거래량': '26445119', '시가': '+725', '상한가': '+904'}
초기 요청 준비
19-02-12 00:03:59 : 요청 실행: kiwoom_TR_OPT10001_주식기본정보요청 ('032800',) {}
19-02-12 00:03:59 : 요청 콜백: kiwoom_OnReceiveTrData ('0101', '주식기본정보', 'OPT10001', '', '0', 0, '', '', '') {}
19-02-12 00:03:59 : 주식기본정보: 032800, {'종목명': '판타지오', '현재가': '+850', '등락율': '+22.13', '거래량': '26445119', '시가': '+725', '상한가': '+904'}
초기 요청 준비
19-02-12 00:04:03 : 요청 실행: kiwoom_TR_OPT10001_주식기본정보요청 ('032800',) {}
19-02-12 00:04:03 : 요청 콜백: kiwoom_OnReceiveTrData ('0101', '주식기본정보', 'OPT10001', '', '0', 0, '', '', '') {}
19-02-12 00:04:03 : 주식기본정보: 032800, {'종목명': '판타지오', '현재가': '+850', '등락율': '+22.13', '거래량': '26445119', '시가': '+725', '상한가': '+904'}
초기 요청 준비
19-02-12 00:04:06 : 요청 실행: kiwoom_TR_OPT10001_주식기본정보요청 ('032800',) {}
19-02-12 00:04:06 : 요청 콜백: kiwoom_OnReceiveTrData ('0101', '주식기본정보', 'OPT10001', '', '0', 0, '', '', '') {}
19-02-12 00:04:06 : 주식기본정보: 032800, {'종목명': '판타지오', '현재가': '+850', '등락율': '+22.13', '거래량': '26445119', '시가': '+725', '상한가': '+904'}
초기 요청 준비
19-02-12 00:04:09 : 요청 실행: kiwoom_TR_OPT10001_주식기본정보요청 ('032800',) {}
19-02-12 00:04:10 : 요청 콜백: kiwoom_OnReceiveTrData ('0101', '주식기본정보', 'OPT10001', '', '0', 0, '', '', '') {}
19-02-12 00:04:10 : 주식기본정보: 032800, {'종목명': '판타지오', '현재가': '+850', '등락율': '+22.13', '거래량': '26445119', '시가': '+725', '상한가': '+904'}
초기 요청 준비
19-02-12 00:04:13 : 요청 실행: kiwoom_TR_OPT10001_주식기본정보요청 ('032800',) {}
19-02-12 00:04:13 : 요청 콜백: kiwoom_OnReceiveTrData ('0101', '주식기본정보', 'OPT10001', '', '0', 0, '', '', '') {}
19-02-12 00:04:13 : 주식기본정보: 032800, {'종목명': '판타지오', '현재가': '+850', '등락율': '+22.13', '거래량': '26445119', '시가': '+725', '상한가': '+904'}
초기 요청 준비
19-02-12 00:04:16 : 요청 실행: kiwoom_TR_OPT10001_주식기본정보요청 ('032800',) {}
19-02-12 00:04:16 : 요청 콜백: kiwoom_OnReceiveTrData ('0101', '주식기본정보', 'OPT10001', '', '0', 0, '', '', '') {}
19-02-12 00:04:16 : 주식기본정보: 032800, {'종목명': '판타지오', '현재가': '+850', '등락율': '+22.13', '거래량': '26445119', '시가': '+725', '상한가': '+904'}
초기 요청 준비
19-02-12 00:04:20 : 요청 실행: kiwoom_TR_OPT10001_주식기본정보요청 ('032800',) {}
19-02-12 00:04:20 : 요청 콜백: kiwoom_OnReceiveTrData ('0101', '주식기본정보', 'OPT10001', '', '0', 0, '', '', '') {}
19-02-12 00:04:20 : 주식기본정보: 032800, {'종목명': '판타지오', '현재가': '+850', '등락율': '+22.13', '거래량': '26445119', '시가': '+725', '상한가': '+904'}
초기 요청 준비
19-02-12 00:04:23 : 요청 실행: kiwoom_TR_OPT10001_주식기본정보요청 ('032800',) {}
19-02-12 00:04:23 : 요청 콜백: kiwoom_OnReceiveTrData ('0101', '주식기본정보', 'OPT10001', '', '0', 0, '', '', '') {}
19-02-12 00:04:23 : 주식기본정보: 032800, {'종목명': '판타지오', '현재가': '+850', '등락율': '+22.13', '거래량': '26445119', '시가': '+725', '상한가': '+904'}
초기 요청 준비
19-02-12 00:04:27 : 요청 실행: kiwoom_TR_OPT10001_주식기본정보요청 ('032800',) {}
19-02-12 00:04:27 : 요청 콜백: kiwoom_OnReceiveTrData ('0101', '주식기본정보', 'OPT10001', '', '0', 0, '', '', '') {}
19-02-12 00:04:27 : 주식기본정보: 032800, {'종목명': '판타지오', '현재가': '+850', '등락율': '+22.13', '거래량': '26445119', '시가': '+725', '상한가': '+904'}
초기 요청 준비
19-02-12 00:04:30 : 요청 실행: kiwoom_TR_OPT10001_주식기본정보요청 ('032800',) {}
19-02-12 00:04:30 : 요청 콜백: kiwoom_OnReceiveTrData ('0101', '주식기본정보', 'OPT10001', '', '0', 0, '', '', '') {}
19-02-12 00:04:30 : 주식기본정보: 032800, {'종목명': '판타지오', '현재가': '+850', '등락율': '+22.13', '거래량': '26445119', '시가': '+725', '상한가': '+904'}
초기 요청 준비
19-02-12 00:04:33 : 요청 실행: kiwoom_TR_OPT10001_주식기본정보요청 ('032800',) {}
19-02-12 00:04:34 : 요청 콜백: kiwoom_OnReceiveTrData ('0101', '주식기본정보', 'OPT10001', '', '0', 0, '', '', '') {}
19-02-12 00:04:34 : 주식기본정보: 032800, {'종목명': '판타지오', '현재가': '+850', '등락율': '+22.13', '거래량': '26445119', '시가': '+725', '상한가': '+904'}
초기 요청 준비
19-02-12 00:04:37 : 요청 실행: kiwoom_TR_OPT10001_주식기본정보요청 ('032800',) {}
19-02-12 00:04:37 : 요청 콜백: kiwoom_OnReceiveTrData ('0101', '주식기본정보', 'OPT10001', '', '0', 0, '', '', '') {}
19-02-12 00:04:37 : 주식기본정보: 032800, {'종목명': '판타지오', '현재가': '+850', '등락율': '+22.13', '거래량': '26445119', '시가': '+725', '상한가': '+904'}
초기 요청 준비
19-02-12 00:04:40 : 요청 실행: kiwoom_TR_OPT10001_주식기본정보요청 ('032800',) {}
19-02-12 00:04:40 : 요청 콜백: kiwoom_OnReceiveTrData ('0101', '주식기본정보', 'OPT10001', '', '0', 0, '', '', '') {}
19-02-12 00:04:40 : 주식기본정보: 032800, {'종목명': '판타지오', '현재가': '+850', '등락율': '+22.13', '거래량': '26445119', '시가': '+725', '상한가': '+904'}
초기 요청 준비
19-02-12 00:04:44 : 요청 실행: kiwoom_TR_OPT10001_주식기본정보요청 ('032800',) {}
19-02-12 00:04:44 : 요청 콜백: kiwoom_OnReceiveTrData ('0101', '주식기본정보', 'OPT10001', '', '0', 0, '', '', '') {}
19-02-12 00:04:44 : 주식기본정보: 032800, {'종목명': '판타지오', '현재가': '+850', '등락율': '+22.13', '거래량': '26445119', '시가': '+725', '상한가': '+904'}
초기 요청 준비
19-02-12 00:04:47 : 요청 실행: kiwoom_TR_OPT10001_주식기본정보요청 ('032800',) {}
19-02-12 00:04:47 : 요청 콜백: kiwoom_OnReceiveTrData ('0101', '주식기본정보', 'OPT10001', '', '0', 0, '', '', '') {}
19-02-12 00:04:47 : 주식기본정보: 032800, {'종목명': '판타지오', '현재가': '+850', '등락율': '+22.13', '거래량': '26445119', '시가': '+725', '상한가': '+904'}
초기 요청 준비
19-02-12 00:04:51 : 요청 실행: kiwoom_TR_OPT10001_주식기본정보요청 ('032800',) {}
19-02-12 00:04:51 : 요청 콜백: kiwoom_OnReceiveTrData ('0101', '주식기본정보', 'OPT10001', '', '0', 0, '', '', '') {}
19-02-12 00:04:51 : 주식기본정보: 032800, {'종목명': '판타지오', '현재가': '+850', '등락율': '+22.13', '거래량': '26445119', '시가': '+725', '상한가': '+904'}
초기 요청 준비
19-02-12 00:04:54 : 요청 실행: kiwoom_TR_OPT10001_주식기본정보요청 ('032800',) {}
19-02-12 00:04:54 : 요청 콜백: kiwoom_OnReceiveTrData ('0101', '주식기본정보', 'OPT10001', '', '0', 0, '', '', '') {}
19-02-12 00:04:54 : 주식기본정보: 032800, {'종목명': '판타지오', '현재가': '+850', '등락율': '+22.13', '거래량': '26445119', '시가': '+725', '상한가': '+904'}
초기 요청 준비
19-02-12 00:04:58 : 요청 실행: kiwoom_TR_OPT10001_주식기본정보요청 ('032800',) {}
19-02-12 00:04:58 : 요청 콜백: kiwoom_OnReceiveTrData ('0101', '주식기본정보', 'OPT10001', '', '0', 0, '', '', '') {}
19-02-12 00:04:58 : 주식기본정보: 032800, {'종목명': '판타지오', '현재가': '+850', '등락율': '+22.13', '거래량': '26445119', '시가': '+725', '상한가': '+904'}
초기 요청 준비
19-02-12 00:05:01 : 요청 실행: kiwoom_TR_OPT10001_주식기본정보요청 ('032800',) {}
19-02-12 00:05:01 : 요청 콜백: kiwoom_OnReceiveTrData ('0101', '주식기본정보', 'OPT10001', '', '0', 0, '', '', '') {}
19-02-12 00:05:01 : 주식기본정보: 032800, {'종목명': '판타지오', '현재가': '+850', '등락율': '+22.13', '거래량': '26445119', '시가': '+725', '상한가': '+904'}
초기 요청 준비
19-02-12 00:05:04 : 요청 실행: kiwoom_TR_OPT10001_주식기본정보요청 ('032800',) {}
19-02-12 00:05:04 : 요청 콜백: kiwoom_OnReceiveTrData ('0101', '주식기본정보', 'OPT10001', '', '0', 0, '', '', '') {}
19-02-12 00:05:04 : 주식기본정보: 032800, {'종목명': '판타지오', '현재가': '+850', '등락율': '+22.13', '거래량': '26445119', '시가': '+725', '상한가': '+904'}
